2022-07-21 14:51:27,079 [Worker-0: Loading available Gradle versions] INFO  o.e.b.c.i.u.g.PublishedGradleVersions - Gradle version information cache is up-to-date. Trying to read.
2022-07-21 14:54:47,904 [Worker-10: Importing Maven projects] INFO  o.e.m.c.i.l.LifecycleMappingFactory - Using org.maven.ide.eclipse.wtp.WarLifecycleMapping lifecycle mapping for MavenProject: JEE_Client:JEE_Client:0.0.1-SNAPSHOT @ C:\dev\java\Projet JEE Aout\workspace\JEE_Client\pom.xml.
2022-07-21 14:54:48,739 [Worker-10: Importing Maven projects] INFO  o.e.m.c.i.l.LifecycleMappingFactory - Using org.maven.ide.eclipse.wtp.WarLifecycleMapping lifecycle mapping for MavenProject: JEE_API:JEE_API:0.0.1-SNAPSHOT @ C:\dev\java\Projet JEE Aout\workspace\JEE_API\pom.xml.
2022-07-21 14:54:58,550 [Worker-10: Importing Maven projects] INFO  o.e.m.j.i.AbstractJavaProjectConfigurator - Adding source folder /JEE_Client/src/main/java
2022-07-21 14:54:58,557 [Worker-10: Importing Maven projects] INFO  o.e.m.j.i.AbstractJavaProjectConfigurator - Adding source folder /JEE_Client/src/test/java
2022-07-21 14:55:14,379 [Worker-10: Importing Maven projects] INFO  o.e.m.j.i.AbstractJavaProjectConfigurator - Adding source folder /JEE_API/src/main/java
2022-07-21 14:55:14,381 [Worker-10: Importing Maven projects] INFO  o.e.m.j.i.AbstractJavaProjectConfigurator - Adding source folder /JEE_API/src/test/java
2022-07-21 14:55:21,762 [Worker-10: Importing Maven projects] INFO  o.e.m.c.i.p.ProjectConfigurationManager - Imported and configured 2 project(s) in 47 sec
2022-07-21 14:55:29,076 [Worker-13: Building] WARN  o.e.m.c.i.embedder.EclipseLogger - Using platform encoding (Cp1252 actually) to copy filtered resources, i.e. build is platform dependent!
2022-07-21 14:55:29,423 [Worker-13: Building] INFO  o.e.m.c.i.embedder.EclipseLogger - skip non existing resourceDirectory C:\dev\java\Projet JEE Aout\workspace\JEE_API\src\main\resources
2022-07-21 14:55:29,432 [Worker-13: Building] WARN  o.e.m.c.i.embedder.EclipseLogger - Using platform encoding (Cp1252 actually) to copy filtered resources, i.e. build is platform dependent!
2022-07-21 14:55:29,435 [Worker-13: Building] INFO  o.e.m.c.i.embedder.EclipseLogger - skip non existing resourceDirectory C:\dev\java\Projet JEE Aout\workspace\JEE_API\src\test\resources
2022-07-21 14:55:31,937 [Worker-14: Building] WARN  o.e.m.c.i.embedder.EclipseLogger - Using platform encoding (Cp1252 actually) to copy filtered resources, i.e. build is platform dependent!
2022-07-21 14:55:31,945 [Worker-14: Building] INFO  o.e.m.c.i.embedder.EclipseLogger - skip non existing resourceDirectory C:\dev\java\Projet JEE Aout\workspace\JEE_Client\src\main\resources
2022-07-21 14:55:31,972 [Worker-14: Building] WARN  o.e.m.c.i.embedder.EclipseLogger - Using platform encoding (Cp1252 actually) to copy filtered resources, i.e. build is platform dependent!
2022-07-21 14:55:31,977 [Worker-14: Building] INFO  o.e.m.c.i.embedder.EclipseLogger - skip non existing resourceDirectory C:\dev\java\Projet JEE Aout\workspace\JEE_Client\src\test\resources
2022-07-21 15:01:06,182 [Worker-20: Building] WARN  o.e.m.c.i.embedder.EclipseLogger - Using platform encoding (Cp1252 actually) to copy filtered resources, i.e. build is platform dependent!
2022-07-21 15:01:06,267 [Worker-20: Building] INFO  o.e.m.c.i.embedder.EclipseLogger - skip non existing resourceDirectory C:\dev\java\Projet JEE Aout\workspace\JEE_Client\src\main\resources
2022-07-21 15:01:06,275 [Worker-20: Building] WARN  o.e.m.c.i.embedder.EclipseLogger - Using platform encoding (Cp1252 actually) to copy filtered resources, i.e. build is platform dependent!
2022-07-21 15:01:06,279 [Worker-20: Building] INFO  o.e.m.c.i.embedder.EclipseLogger - skip non existing resourceDirectory C:\dev\java\Projet JEE Aout\workspace\JEE_Client\src\test\resources
2022-07-21 15:02:09,884 [Worker-20: Building] WARN  o.e.m.c.i.embedder.EclipseLogger - Using platform encoding (Cp1252 actually) to copy filtered resources, i.e. build is platform dependent!
2022-07-21 15:02:09,887 [Worker-20: Building] INFO  o.e.m.c.i.embedder.EclipseLogger - skip non existing resourceDirectory C:\dev\java\Projet JEE Aout\workspace\JEE_Client\src\main\resources
2022-07-21 15:02:09,891 [Worker-20: Building] WARN  o.e.m.c.i.embedder.EclipseLogger - Using platform encoding (Cp1252 actually) to copy filtered resources, i.e. build is platform dependent!
2022-07-21 15:02:09,894 [Worker-20: Building] INFO  o.e.m.c.i.embedder.EclipseLogger - skip non existing resourceDirectory C:\dev\java\Projet JEE Aout\workspace\JEE_Client\src\test\resources
2022-07-21 15:02:35,150 [Worker-3: Building] WARN  o.e.m.c.i.embedder.EclipseLogger - Using platform encoding (Cp1252 actually) to copy filtered resources, i.e. build is platform dependent!
2022-07-21 15:02:35,153 [Worker-3: Building] INFO  o.e.m.c.i.embedder.EclipseLogger - skip non existing resourceDirectory C:\dev\java\Projet JEE Aout\workspace\JEE_API\src\main\resources
2022-07-21 15:02:35,170 [Worker-3: Building] WARN  o.e.m.c.i.embedder.EclipseLogger - Using platform encoding (Cp1252 actually) to copy filtered resources, i.e. build is platform dependent!
2022-07-21 15:02:35,173 [Worker-3: Building] INFO  o.e.m.c.i.embedder.EclipseLogger - skip non existing resourceDirectory C:\dev\java\Projet JEE Aout\workspace\JEE_API\src\test\resources
2022-07-21 15:02:57,069 [Worker-3: Building] WARN  o.e.m.c.i.embedder.EclipseLogger - Using platform encoding (Cp1252 actually) to copy filtered resources, i.e. build is platform dependent!
2022-07-21 15:02:57,072 [Worker-3: Building] INFO  o.e.m.c.i.embedder.EclipseLogger - skip non existing resourceDirectory C:\dev\java\Projet JEE Aout\workspace\JEE_API\src\main\resources
2022-07-21 15:02:57,083 [Worker-3: Building] WARN  o.e.m.c.i.embedder.EclipseLogger - Using platform encoding (Cp1252 actually) to copy filtered resources, i.e. build is platform dependent!
2022-07-21 15:02:57,085 [Worker-3: Building] INFO  o.e.m.c.i.embedder.EclipseLogger - skip non existing resourceDirectory C:\dev\java\Projet JEE Aout\workspace\JEE_API\src\test\resources
2022-07-21 15:03:17,800 [Worker-20: Building] WARN  o.e.m.c.i.embedder.EclipseLogger - Using platform encoding (Cp1252 actually) to copy filtered resources, i.e. build is platform dependent!
2022-07-21 15:03:17,804 [Worker-20: Building] INFO  o.e.m.c.i.embedder.EclipseLogger - skip non existing resourceDirectory C:\dev\java\Projet JEE Aout\workspace\JEE_API\src\main\resources
2022-07-21 15:03:17,813 [Worker-20: Building] WARN  o.e.m.c.i.embedder.EclipseLogger - Using platform encoding (Cp1252 actually) to copy filtered resources, i.e. build is platform dependent!
2022-07-21 15:03:17,816 [Worker-20: Building] INFO  o.e.m.c.i.embedder.EclipseLogger - skip non existing resourceDirectory C:\dev\java\Projet JEE Aout\workspace\JEE_API\src\test\resources
2022-07-21 15:03:17,890 [Worker-20: Building] WARN  o.e.m.c.i.embedder.EclipseLogger - Using platform encoding (Cp1252 actually) to copy filtered resources, i.e. build is platform dependent!
2022-07-21 15:03:17,892 [Worker-20: Building] INFO  o.e.m.c.i.embedder.EclipseLogger - skip non existing resourceDirectory C:\dev\java\Projet JEE Aout\workspace\JEE_Client\src\main\resources
2022-07-21 15:03:17,900 [Worker-20: Building] WARN  o.e.m.c.i.embedder.EclipseLogger - Using platform encoding (Cp1252 actually) to copy filtered resources, i.e. build is platform dependent!
2022-07-21 15:03:17,902 [Worker-20: Building] INFO  o.e.m.c.i.embedder.EclipseLogger - skip non existing resourceDirectory C:\dev\java\Projet JEE Aout\workspace\JEE_Client\src\test\resources
2022-07-21 15:03:29,836 [Worker-3: Building] WARN  o.e.m.c.i.embedder.EclipseLogger - Using platform encoding (Cp1252 actually) to copy filtered resources, i.e. build is platform dependent!
2022-07-21 15:03:29,839 [Worker-3: Building] INFO  o.e.m.c.i.embedder.EclipseLogger - skip non existing resourceDirectory C:\dev\java\Projet JEE Aout\workspace\JEE_Client\src\main\resources
2022-07-21 15:03:29,842 [Worker-3: Building] WARN  o.e.m.c.i.embedder.EclipseLogger - Using platform encoding (Cp1252 actually) to copy filtered resources, i.e. build is platform dependent!
2022-07-21 15:03:29,845 [Worker-3: Building] INFO  o.e.m.c.i.embedder.EclipseLogger - skip non existing resourceDirectory C:\dev\java\Projet JEE Aout\workspace\JEE_Client\src\test\resources
2022-07-21 15:17:37,129 [Worker-1: Loading available Gradle versions] INFO  o.e.b.c.i.u.g.PublishedGradleVersions - Gradle version information cache is up-to-date. Trying to read.
2022-07-21 15:23:10,446 [Worker-14: Building] WARN  o.e.m.c.i.embedder.EclipseLogger - Using platform encoding (Cp1252 actually) to copy filtered resources, i.e. build is platform dependent!
2022-07-21 15:23:10,451 [Worker-14: Building] INFO  o.e.m.c.i.embedder.EclipseLogger - skip non existing resourceDirectory C:\Users\mehdi\OneDrive - HEPH-Condorcet\Documents\GitHub\JEE_Aout\workspace\JEE_API\src\main\resources
2022-07-21 15:23:10,463 [Worker-14: Building] WARN  o.e.m.c.i.embedder.EclipseLogger - Using platform encoding (Cp1252 actually) to copy filtered resources, i.e. build is platform dependent!
2022-07-21 15:23:10,467 [Worker-14: Building] INFO  o.e.m.c.i.embedder.EclipseLogger - skip non existing resourceDirectory C:\Users\mehdi\OneDrive - HEPH-Condorcet\Documents\GitHub\JEE_Aout\workspace\JEE_API\src\test\resources
2022-07-21 15:23:16,781 [Worker-14: Building] WARN  o.e.m.c.i.embedder.EclipseLogger - Using platform encoding (Cp1252 actually) to copy filtered resources, i.e. build is platform dependent!
2022-07-21 15:23:16,788 [Worker-14: Building] INFO  o.e.m.c.i.embedder.EclipseLogger - skip non existing resourceDirectory C:\Users\mehdi\OneDrive - HEPH-Condorcet\Documents\GitHub\JEE_Aout\workspace\JEE_Client\src\main\resources
2022-07-21 15:23:16,792 [Worker-14: Building] WARN  o.e.m.c.i.embedder.EclipseLogger - Using platform encoding (Cp1252 actually) to copy filtered resources, i.e. build is platform dependent!
2022-07-21 15:23:16,795 [Worker-14: Building] INFO  o.e.m.c.i.embedder.EclipseLogger - skip non existing resourceDirectory C:\Users\mehdi\OneDrive - HEPH-Condorcet\Documents\GitHub\JEE_Aout\workspace\JEE_Client\src\test\resources
2022-07-21 15:28:05,862 [Worker-14: Building] WARN  o.e.m.c.i.embedder.EclipseLogger - Using platform encoding (Cp1252 actually) to copy filtered resources, i.e. build is platform dependent!
2022-07-21 15:28:05,865 [Worker-14: Building] INFO  o.e.m.c.i.embedder.EclipseLogger - skip non existing resourceDirectory C:\Users\mehdi\OneDrive - HEPH-Condorcet\Documents\GitHub\JEE_Aout\workspace\JEE_Client\src\main\resources
2022-07-21 15:28:05,868 [Worker-14: Building] WARN  o.e.m.c.i.embedder.EclipseLogger - Using platform encoding (Cp1252 actually) to copy filtered resources, i.e. build is platform dependent!
2022-07-21 15:28:05,871 [Worker-14: Building] INFO  o.e.m.c.i.embedder.EclipseLogger - skip non existing resourceDirectory C:\Users\mehdi\OneDrive - HEPH-Condorcet\Documents\GitHub\JEE_Aout\workspace\JEE_Client\src\test\resources
2022-07-21 15:29:11,327 [Worker-14: Building] WARN  o.e.m.c.i.embedder.EclipseLogger - Using platform encoding (Cp1252 actually) to copy filtered resources, i.e. build is platform dependent!
2022-07-21 15:29:11,332 [Worker-14: Building] INFO  o.e.m.c.i.embedder.EclipseLogger - skip non existing resourceDirectory C:\Users\mehdi\OneDrive - HEPH-Condorcet\Documents\GitHub\JEE_Aout\workspace\JEE_Client\src\main\resources
2022-07-21 15:29:11,336 [Worker-14: Building] WARN  o.e.m.c.i.embedder.EclipseLogger - Using platform encoding (Cp1252 actually) to copy filtered resources, i.e. build is platform dependent!
2022-07-21 15:29:11,339 [Worker-14: Building] INFO  o.e.m.c.i.embedder.EclipseLogger - skip non existing resourceDirectory C:\Users\mehdi\OneDrive - HEPH-Condorcet\Documents\GitHub\JEE_Aout\workspace\JEE_Client\src\test\resources
